{
  "stats": {
    "suites": 0,
    "tests": 1,
    "passes": 0,
    "pending": 0,
    "failures": 1,
    "start": "2023-12-26T18:14:02.452Z",
    "end": "2023-12-26T18:14:03.045Z",
    "duration": 593,
    "testsRegistered": 1,
    "passPercent": 0,
    "pendingPercent": 0,
    "other": 0,
    "hasOther": false,
    "skipped": 0,
    "hasSkipped": false
  },
  "results": [
    {
      "uuid": "34a6b6d6-12ee-43ea-8fef-697e0851eb2e",
      "title": "",
      "fullFile": "cypress\\e2e\\login.cy.js",
      "file": "cypress\\e2e\\login.cy.js",
      "beforeHooks": [],
      "afterHooks": [],
      "tests": [
        {
          "title": "An uncaught error was detected outside of a test",
          "fullTitle": "An uncaught error was detected outside of a test",
          "timedOut": null,
          "duration": 452,
          "state": "failed",
          "speed": null,
          "pass": false,
          "fail": true,
          "pending": false,
          "context": null,
          "code": "throw err;",
          "err": {
            "message": "ReferenceError: The following error originated from your test code, not from Cypress.\n\n  > nome is not defined\n\nWhen Cypress detects uncaught errors originating from your test code it will automatically fail the current test.\n\nCypress could not associate this error to any specific test.\n\nWe dynamically generated a new test to display this failure.",
            "estack": "ReferenceError: The following error originated from your test code, not from Cypress.\n\n  > nome is not defined\n\nWhen Cypress detects uncaught errors originating from your test code it will automatically fail the current test.\n\nCypress could not associate this error to any specific test.\n\nWe dynamically generated a new test to display this failure.\n    at ./cypress/support/commands.js (webpack://teste-api-cypress/./cypress/support/commands.js:55:42)\n    at __webpack_require__ (webpack://teste-api-cypress/webpack/bootstrap:19:0)\n    at eval (webpack://teste-api-cypress/./cypress/support/e2e.js:17:0)\n    at eval (http://localhost:3000/__cypress/tests?p=cypress\\support\\e2e.js:120:3)\n    at eval (http://localhost:3000/__cypress/tests?p=cypress\\support\\e2e.js:122:12)\n    at eval (<anonymous>)",
            "diff": null
          },
          "uuid": "e31e0380-a2ad-4ba6-abae-776b18b6d72c",
          "parentUUID": "34a6b6d6-12ee-43ea-8fef-697e0851eb2e",
          "isHook": false,
          "skipped": false
        }
      ],
      "suites": [],
      "passes": [],
      "failures": [
        "e31e0380-a2ad-4ba6-abae-776b18b6d72c"
      ],
      "pending": [],
      "skipped": [],
      "duration": 452,
      "root": true,
      "rootEmpty": false,
      "_timeout": 2000
    }
  ],
  "meta": {
    "mocha": {
      "version": "7.0.1"
    },
    "mochawesome": {
      "options": {
        "quiet": false,
        "reportFilename": "mochawesome",
        "saveHtml": false,
        "saveJson": true,
        "consoleReporter": "spec",
        "useInlineDiffs": false,
        "code": true
      },
      "version": "7.1.3"
    },
    "marge": {
      "options": {
        "reportDir": "mochawesome-report",
        "overwrite": false,
        "html": false,
        "json": true
      },
      "version": "6.2.0"
    }
  }
}